23:01:42.042 [cluster-ClusterId{value='693d9c402e2c874b928f3a28', description='null'}-ac-lpvisih-shard-00-02.utdrjwh.mongodb.net:27017] INFO  org.mongodb.driver.cluster - Exception in monitor thread while connecting to server ac-lpvisih-shard-00-02.utdrjwh.mongodb.net:27017
com.mongodb.MongoSocketReadException: Exception receiving message
	at com.mongodb.internal.connection.InternalStreamConnection.translateReadException(InternalStreamConnection.java:707)
	at com.mongodb.internal.connection.InternalStreamConnection.receiveMessageWithAdditionalTimeout(InternalStreamConnection.java:579)
	at com.mongodb.internal.connection.InternalStreamConnection.receiveCommandMessageResponse(InternalStreamConnection.java:415)
	at com.mongodb.internal.connection.InternalStreamConnection.receive(InternalStreamConnection.java:374)
	at com.mongodb.internal.connection.DefaultServerMonitor$ServerMonitorRunnable.lookupServerDescription(DefaultServerMonitor.java:216)
	at com.mongodb.internal.connection.DefaultServerMonitor$ServerMonitorRunnable.run(DefaultServerMonitor.java:152)
	at java.base/java.lang.Thread.run(Thread.java:1575)
Caused by: java.net.SocketException: Socket is closed
	at java.base/java.net.Socket.setSoTimeout(Socket.java:1420)
	at java.base/sun.security.ssl.BaseSSLSocketImpl.setSoTimeout(BaseSSLSocketImpl.java:614)
	at java.base/sun.security.ssl.SSLSocketImpl.setSoTimeout(SSLSocketImpl.java:74)
	at com.mongodb.internal.connection.SocketStream.read(SocketStream.java:133)
	at com.mongodb.internal.connection.InternalStreamConnection.receiveResponseBuffers(InternalStreamConnection.java:718)
	at com.mongodb.internal.connection.InternalStreamConnection.receiveMessageWithAdditionalTimeout(InternalStreamConnection.java:576)
	... 5 common frames omitted
23:01:42.042 [cluster-ClusterId{value='693d9c402e2c874b928f3a28', description='null'}-ac-lpvisih-shard-00-01.utdrjwh.mongodb.net:27017] INFO  org.mongodb.driver.cluster - Exception in monitor thread while connecting to server ac-lpvisih-shard-00-01.utdrjwh.mongodb.net:27017
com.mongodb.MongoSocketReadException: Exception receiving message
	at com.mongodb.internal.connection.InternalStreamConnection.translateReadException(InternalStreamConnection.java:707)
	at com.mongodb.internal.connection.InternalStreamConnection.receiveMessageWithAdditionalTimeout(InternalStreamConnection.java:579)
	at com.mongodb.internal.connection.InternalStreamConnection.receiveCommandMessageResponse(InternalStreamConnection.java:415)
	at com.mongodb.internal.connection.InternalStreamConnection.receive(InternalStreamConnection.java:374)
	at com.mongodb.internal.connection.DefaultServerMonitor$ServerMonitorRunnable.lookupServerDescription(DefaultServerMonitor.java:216)
	at com.mongodb.internal.connection.DefaultServerMonitor$ServerMonitorRunnable.run(DefaultServerMonitor.java:152)
	at java.base/java.lang.Thread.run(Thread.java:1575)
Caused by: java.net.SocketException: Socket is closed
	at java.base/java.net.Socket.setSoTimeout(Socket.java:1420)
	at java.base/sun.security.ssl.BaseSSLSocketImpl.setSoTimeout(BaseSSLSocketImpl.java:614)
	at java.base/sun.security.ssl.SSLSocketImpl.setSoTimeout(SSLSocketImpl.java:74)
	at com.mongodb.internal.connection.SocketStream.read(SocketStream.java:133)
	at com.mongodb.internal.connection.InternalStreamConnection.receiveResponseBuffers(InternalStreamConnection.java:718)
	at com.mongodb.internal.connection.InternalStreamConnection.receiveMessageWithAdditionalTimeout(InternalStreamConnection.java:576)
	... 5 common frames omitted
23:01:42.041 [cluster-ClusterId{value='693d9c402e2c874b928f3a28', description='null'}-ac-lpvisih-shard-00-00.utdrjwh.mongodb.net:27017] INFO  org.mongodb.driver.cluster - Exception in monitor thread while connecting to server ac-lpvisih-shard-00-00.utdrjwh.mongodb.net:27017
com.mongodb.MongoSocketReadException: Exception receiving message
	at com.mongodb.internal.connection.InternalStreamConnection.translateReadException(InternalStreamConnection.java:707)
	at com.mongodb.internal.connection.InternalStreamConnection.receiveMessageWithAdditionalTimeout(InternalStreamConnection.java:579)
	at com.mongodb.internal.connection.InternalStreamConnection.receiveCommandMessageResponse(InternalStreamConnection.java:415)
	at com.mongodb.internal.connection.InternalStreamConnection.receive(InternalStreamConnection.java:374)
	at com.mongodb.internal.connection.DefaultServerMonitor$ServerMonitorRunnable.lookupServerDescription(DefaultServerMonitor.java:216)
	at com.mongodb.internal.connection.DefaultServerMonitor$ServerMonitorRunnable.run(DefaultServerMonitor.java:152)
	at java.base/java.lang.Thread.run(Thread.java:1575)
Caused by: java.net.SocketException: Socket is closed
	at java.base/java.net.Socket.setSoTimeout(Socket.java:1420)
	at java.base/sun.security.ssl.BaseSSLSocketImpl.setSoTimeout(BaseSSLSocketImpl.java:614)
	at java.base/sun.security.ssl.SSLSocketImpl.setSoTimeout(SSLSocketImpl.java:74)
	at com.mongodb.internal.connection.SocketStream.read(SocketStream.java:133)
	at com.mongodb.internal.connection.InternalStreamConnection.receiveResponseBuffers(InternalStreamConnection.java:718)
	at com.mongodb.internal.connection.InternalStreamConnection.receiveMessageWithAdditionalTimeout(InternalStreamConnection.java:576)
	... 5 common frames omitted
23:01:43.535 [cluster-ClusterId{value='693d9c402e2c874b928f3a28', description='null'}-ac-lpvisih-shard-00-00.utdrjwh.mongodb.net:27017] INFO  org.mongodb.driver.connection - Opened connection [connectionId{localValue:9, serverValue:604526}] to ac-lpvisih-shard-00-00.utdrjwh.mongodb.net:27017
23:01:43.535 [cluster-ClusterId{value='693d9c402e2c874b928f3a28', description='null'}-ac-lpvisih-shard-00-02.utdrjwh.mongodb.net:27017] INFO  org.mongodb.driver.connection - Opened connection [connectionId{localValue:8, serverValue:585215}] to ac-lpvisih-shard-00-02.utdrjwh.mongodb.net:27017
23:01:43.536 [cluster-ClusterId{value='693d9c402e2c874b928f3a28', description='null'}-ac-lpvisih-shard-00-01.utdrjwh.mongodb.net:27017] INFO  org.mongodb.driver.connection - Opened connection [connectionId{localValue:10, serverValue:672218}] to ac-lpvisih-shard-00-01.utdrjwh.mongodb.net:27017
23:01:43.551 [cluster-ClusterId{value='693d9c402e2c874b928f3a28', description='null'}-ac-lpvisih-shard-00-01.utdrjwh.mongodb.net:27017] INFO  org.mongodb.driver.cluster - Monitor thread successfully connected to server with description ServerDescription{address=ac-lpvisih-shard-00-01.utdrjwh.mongodb.net:27017, type=REPLICA_SET_PRIMARY, state=CONNECTED, ok=true, minWireVersion=0, maxWireVersion=25, maxDocumentSize=16777216, logicalSessionTimeoutMinutes=30, roundTripTimeNanos=181926000, setName='atlas-7gbxcv-shard-0', canonicalAddress=ac-lpvisih-shard-00-01.utdrjwh.mongodb.net:27017, hosts=[ac-lpvisih-shard-00-02.utdrjwh.mongodb.net:27017, ac-lpvisih-shard-00-01.utdrjwh.mongodb.net:27017, ac-lpvisih-shard-00-00.utdrjwh.mongodb.net:27017], passives=[], arbiters=[], primary='ac-lpvisih-shard-00-01.utdrjwh.mongodb.net:27017', tagSet=TagSet{[Tag{name='availabilityZone', value='aps1-az3'}, Tag{name='diskState', value='READY'}, Tag{name='nodeType', value='ELECTABLE'}, Tag{name='provider', value='AWS'}, Tag{name='region', value='AP_SOUTH_1'}, Tag{name='workloadType', value='OPERATIONAL'}]}, electionId=7fffffff000000000000004b, setVersion=34, topologyVersion=TopologyVersion{processId=691dd3972ce3e3b0c183bd25, counter=6}, lastWriteDate=Sat Dec 13 23:02:00 IST 2025, lastUpdateTimeNanos=22078953464000}
23:01:43.551 [cluster-ClusterId{value='693d9c402e2c874b928f3a28', description='null'}-ac-lpvisih-shard-00-02.utdrjwh.mongodb.net:27017] INFO  org.mongodb.driver.cluster - Monitor thread successfully connected to server with description ServerDescription{address=ac-lpvisih-shard-00-02.utdrjwh.mongodb.net:27017, type=REPLICA_SET_SECONDARY, state=CONNECTED, ok=true, minWireVersion=0, maxWireVersion=25, maxDocumentSize=16777216, logicalSessionTimeoutMinutes=30, roundTripTimeNanos=175629000, setName='atlas-7gbxcv-shard-0', canonicalAddress=ac-lpvisih-shard-00-02.utdrjwh.mongodb.net:27017, hosts=[ac-lpvisih-shard-00-02.utdrjwh.mongodb.net:27017, ac-lpvisih-shard-00-01.utdrjwh.mongodb.net:27017, ac-lpvisih-shard-00-00.utdrjwh.mongodb.net:27017], passives=[], arbiters=[], primary='ac-lpvisih-shard-00-01.utdrjwh.mongodb.net:27017', tagSet=TagSet{[Tag{name='availabilityZone', value='aps1-az2'}, Tag{name='diskState', value='READY'}, Tag{name='nodeType', value='ELECTABLE'}, Tag{name='provider', value='AWS'}, Tag{name='region', value='AP_SOUTH_1'}, Tag{name='workloadType', value='OPERATIONAL'}]}, electionId=null, setVersion=34, topologyVersion=TopologyVersion{processId=691dd649af7cf731a7224581, counter=3}, lastWriteDate=Sat Dec 13 23:02:00 IST 2025, lastUpdateTimeNanos=22078952286600}
23:01:43.551 [cluster-ClusterId{value='693d9c402e2c874b928f3a28', description='null'}-ac-lpvisih-shard-00-01.utdrjwh.mongodb.net:27017] INFO  org.mongodb.driver.cluster - Discovered replica set primary ac-lpvisih-shard-00-01.utdrjwh.mongodb.net:27017
23:01:43.551 [cluster-ClusterId{value='693d9c402e2c874b928f3a28', description='null'}-ac-lpvisih-shard-00-00.utdrjwh.mongodb.net:27017] INFO  org.mongodb.driver.cluster - Monitor thread successfully connected to server with description ServerDescription{address=ac-lpvisih-shard-00-00.utdrjwh.mongodb.net:27017, type=REPLICA_SET_SECONDARY, state=CONNECTED, ok=true, minWireVersion=0, maxWireVersion=25, maxDocumentSize=16777216, logicalSessionTimeoutMinutes=30, roundTripTimeNanos=193911400, setName='atlas-7gbxcv-shard-0', canonicalAddress=ac-lpvisih-shard-00-00.utdrjwh.mongodb.net:27017, hosts=[ac-lpvisih-shard-00-02.utdrjwh.mongodb.net:27017, ac-lpvisih-shard-00-01.utdrjwh.mongodb.net:27017, ac-lpvisih-shard-00-00.utdrjwh.mongodb.net:27017], passives=[], arbiters=[], primary='ac-lpvisih-shard-00-01.utdrjwh.mongodb.net:27017', tagSet=TagSet{[Tag{name='availabilityZone', value='aps1-az1'}, Tag{name='diskState', value='READY'}, Tag{name='nodeType', value='ELECTABLE'}, Tag{name='provider', value='AWS'}, Tag{name='region', value='AP_SOUTH_1'}, Tag{name='workloadType', value='OPERATIONAL'}]}, electionId=null, setVersion=34, topologyVersion=TopologyVersion{processId=691dd1178f40a42c172e6f35, counter=4}, lastWriteDate=Sat Dec 13 23:02:00 IST 2025, lastUpdateTimeNanos=22078952225000}
23:01:53.661 [cluster-rtt-ClusterId{value='693d9c402e2c874b928f3a28', description='null'}-ac-lpvisih-shard-00-02.utdrjwh.mongodb.net:27017] INFO  org.mongodb.driver.connection - Opened connection [connectionId{localValue:12, serverValue:585219}] to ac-lpvisih-shard-00-02.utdrjwh.mongodb.net:27017
23:01:53.661 [cluster-rtt-ClusterId{value='693d9c402e2c874b928f3a28', description='null'}-ac-lpvisih-shard-00-01.utdrjwh.mongodb.net:27017] INFO  org.mongodb.driver.connection - Opened connection [connectionId{localValue:13, serverValue:672224}] to ac-lpvisih-shard-00-01.utdrjwh.mongodb.net:27017
23:01:53.661 [cluster-rtt-ClusterId{value='693d9c402e2c874b928f3a28', description='null'}-ac-lpvisih-shard-00-00.utdrjwh.mongodb.net:27017] INFO  org.mongodb.driver.connection - Opened connection [connectionId{localValue:11, serverValue:604525}] to ac-lpvisih-shard-00-00.utdrjwh.mongodb.net:27017
